\BOOKMARK [2][-]{subsection.0.1}{\376\377\000M\000a\000t\000r\000i\000x\000\040\000o\000f\000\040\000a\000n\000\040\000o\000p\000e\000r\000a\000t\000o\000r}{}% 1
\BOOKMARK [1][-]{section.1}{\376\377\000B\000a\000s\000i\000s\000\040\000o\000f\000\040\000O\000p\000e\000r\000a\000t\000o\000r\000s}{}% 2
\BOOKMARK [2][-]{subsubsection.1.0.1}{\376\377\000O\000u\000t\000e\000r\000\040\000p\000r\000o\000d\000u\000c\000t\000\040\000i\000n\000\040\000c\000o\000m\000p\000o\000n\000e\000n\000t\000s}{section.1}% 3
\BOOKMARK [3][-]{subsubsection.1.0.2}{\376\377\000M\000a\000t\000r\000i\000x\000\040\000e\000l\000e\000m\000e\000n\000t\000s}{subsubsection.1.0.1}% 4
\BOOKMARK [3][-]{subsubsection.1.0.3}{\376\377\000C\000h\000a\000n\000g\000e\000\040\000o\000f\000\040\000b\000a\000s\000i\000s}{subsubsection.1.0.1}% 5
\BOOKMARK [3][-]{subsubsection.1.0.4}{\376\377\000C\000o\000m\000p\000l\000e\000t\000e\000n\000e\000s\000s\000\040\000r\000e\000l\000a\000t\000i\000o\000n}{subsubsection.1.0.1}% 6
\BOOKMARK [1][-]{section.2}{\376\377\000\134\000L\000i\000n\000\050\000\134\000H\000i\000l\000\051\000\040\000a\000s\000\040\000a\000\040\000v\000e\000c\000t\000o\000r\000\040\000s\000p\000a\000c\000e}{}% 7
\BOOKMARK [3][-]{subsubsection.2.0.2}{\376\377\000O\000r\000t\000h\000o\000n\000o\000r\000m\000a\000l\000\040\000b\000a\000s\000e\000s}{subsubsection.2.0.1}% 9
\BOOKMARK [3][-]{subsubsection.2.0.3}{\376\377\000M\000a\000t\000r\000i\000x\000\040\000a\000s\000s\000o\000c\000i\000a\000t\000e\000d\000\040\000t\000o\000\040\000a\000\040\000p\000r\000o\000j\000e\000c\000t\000o\000r}{subsubsection.2.0.1}% 10
\BOOKMARK [3][-]{subsubsection.2.0.4}{\376\377\000P\000r\000o\000j\000e\000c\000t\000o\000r\000s\000\040\000o\000n\000t\000o\000\040\000a\000\040\000S\000u\000b\000s\000p\000a\000c\000e}{subsubsection.2.0.1}% 11
\BOOKMARK [2][-]{subsection.2.1}{\376\377\000O\000p\000e\000r\000a\000t\000o\000r\000s\000'\000\040\000s\000p\000e\000c\000t\000r\000a}{section.2}% 12
\BOOKMARK [3][-]{subsubsection.2.1.1}{\376\377\000S\000p\000e\000c\000t\000r\000u\000m\000\040\000o\000f\000\040\000N\000o\000r\000m\000a\000l\000\040\000O\000p\000e\000r\000a\000t\000o\000r\000s}{subsection.2.1}% 13
\BOOKMARK [3][-]{subsubsection.2.1.2}{\376\377\000S\000p\000e\000c\000t\000r\000u\000m\000\040\000o\000f\000\040\000H\000e\000r\000m\000i\000t\000i\000a\000n\000\040\000O\000p\000e\000r\000a\000t\000o\000r\000s}{subsection.2.1}% 14
\BOOKMARK [3][-]{subsubsection.2.1.3}{\376\377\000S\000p\000e\000c\000t\000r\000u\000m\000\040\000o\000f\000\040\000U\000n\000i\000t\000a\000r\000y\000\040\000O\000p\000e\000r\000a\000t\000o\000r\000s}{subsection.2.1}% 15
\BOOKMARK [3][-]{subsubsection.2.1.4}{\376\377\000S\000p\000e\000c\000t\000r\000u\000m\000\040\000o\000f\000\040\000P\000r\000o\000y\000e\000c\000t\000o\000r\000s}{subsection.2.1}% 16
\BOOKMARK [3][-]{subsubsection.2.1.5}{\376\377\000C\000o\000m\000m\000u\000t\000i\000n\000g\000\040\000O\000p\000e\000r\000a\000t\000o\000r\000s}{subsection.2.1}% 17
\BOOKMARK [3][-]{subsubsection.2.1.6}{\376\377\000S\000i\000n\000g\000u\000l\000a\000r\000\040\000V\000a\000l\000u\000e\000s}{subsection.2.1}% 18
\BOOKMARK [3][-]{subsubsection.2.1.7}{\376\377\000S\000i\000n\000g\000u\000l\000a\000r\000\040\000V\000a\000l\000u\000e\000\040\000D\000e\000c\000o\000m\000p\000o\000s\000i\000t\000i\000o\000n\000\040\000\050\000S\000V\000D\000\051}{subsection.2.1}% 19
\BOOKMARK [3][-]{subsubsection.2.1.8}{\376\377\000\134\000L\000i\000n\000\050\000\134\000H\000i\000l\000\051\000\040\000a\000s\000\040\000a\000\040\000H\000i\000l\000b\000e\000r\000t\000\040\000s\000p\000a\000c\000e}{subsection.2.1}% 20
\BOOKMARK [3][-]{subsubsection.2.1.9}{\376\377\000O\000p\000e\000r\000a\000t\000o\000r\000\040\000n\000o\000r\000m\000\040\000a\000n\000d\000\040\000d\000i\000s\000t\000a\000n\000c\000e}{subsection.2.1}% 21
\BOOKMARK [3][-]{subsubsection.2.1.10}{\376\377\000T\000r\000a\000c\000e\000\040\000d\000i\000s\000t\000a\000n\000c\000e}{subsection.2.1}% 22
\BOOKMARK [3][-]{subsubsection.2.1.11}{\376\377\000E\000x\000p\000o\000n\000e\000n\000t\000i\000a\000l\000\040\000o\000f\000\040\000a\000n\000\040\000o\000p\000e\000r\000a\000t\000o\000r}{subsection.2.1}% 23
\BOOKMARK [3][-]{subsubsection.2.1.12}{\376\377\000U\000n\000i\000t\000a\000r\000y\000\040\000o\000p\000e\000r\000a\000t\000o\000r\000s\000\040\000f\000r\000o\000m\000\040\000H\000e\000r\000m\000i\000t\000i\000a\000n\000\040\000o\000n\000e\000s}{subsection.2.1}% 24
\BOOKMARK [2][-]{subsection.2.2}{\376\377\000E\000x\000p\000o\000n\000e\000n\000t\000i\000a\000t\000i\000o\000n}{section.2}% 25
